#
# There is insufficient memory for the Java Runtime Environment to continue.
# Native memory allocation (malloc) failed to allocate 1203856 bytes for Chunk::new
# Possible reasons:
#   The system is out of physical RAM or swap space
#   The process is running with CompressedOops enabled, and the Java Heap may be blocking the growth of the native heap
# Possible solutions:
#   Reduce memory load on the system
#   Increase physical memory or swap space
#   Check if swap backing store is full
#   Decrease Java heap size (-Xmx/-Xms)
#   Decrease number of Java threads
#   Decrease Java thread stack sizes (-Xss)
#   Set larger code cache with -XX:ReservedCodeCacheSize=
#   JVM is running with Unscaled Compressed Oops mode in which the Java heap is
#     placed in the first 4GB address space. The Java Heap base address is the
#     maximum limit for the native heap growth. Please use -XX:HeapBaseMinAddress
#     to set the Java Heap base and to place the Java Heap above 4GB virtual address.
# This output file may be truncated or incomplete.
#
#  Out of Memory Error (allocation.cpp:389), pid=11256, tid=0x0000000000004d24
#
# JRE version: OpenJDK Runtime Environment (8.0_282-b08) (build 1.8.0_282-b08)
# Java VM: OpenJDK 64-Bit Server VM (25.282-b08 mixed mode windows-amd64 compressed oops)
# Failed to write core dump. Minidumps are not enabled by default on client versions of Windows
#

---------------  T H R E A D  ---------------

Current thread (0x0000000015f8e000):  JavaThread "C2 CompilerThread2" daemon [_thread_in_native, id=19748, stack(0x0000000016a50000,0x0000000016b50000)]

Stack: [0x0000000016a50000,0x0000000016b50000]
[error occurred during error reporting (printing stack bounds), id 0xc0000005]

Native frames: (J=compiled Java code, j=interpreted, Vv=VM code, C=native code)


Current CompileTask:
C2:8159029 25299   !   4       java.io.ObjectOutputStream::writeSerialData (221 bytes)


---------------  P R O C E S S  ---------------

Java Threads: ( => current thread )
  0x000000001b366000 JavaThread "WorkerExecutor Queue Thread 9" [_thread_blocked, id=16940, stack(0x000000002edd0000,0x000000002eed0000)]
  0x000000001b359000 JavaThread "WorkerExecutor Queue Thread 8" [_thread_blocked, id=21512, stack(0x000000002ecd0000,0x000000002edd0000)]
  0x000000001b35e800 JavaThread "WorkerExecutor Queue Thread 7" [_thread_blocked, id=5024, stack(0x000000002ebd0000,0x000000002ecd0000)]
  0x000000001b35c000 JavaThread "WorkerExecutor Queue Thread 6" [_thread_blocked, id=9840, stack(0x000000002ead0000,0x000000002ebd0000)]
  0x000000001b360000 JavaThread "WorkerExecutor Queue Thread 5" [_thread_blocked, id=19556, stack(0x000000002e9d0000,0x000000002ead0000)]
  0x000000001b35c800 JavaThread "WorkerExecutor Queue Thread 4" [_thread_blocked, id=23604, stack(0x000000002e8d0000,0x000000002e9d0000)]
  0x000000001b35f000 JavaThread "WorkerExecutor Queue Thread 3" [_thread_blocked, id=25696, stack(0x000000002e6d0000,0x000000002e7d0000)]
  0x000000001b358000 JavaThread "WorkerExecutor Queue Thread 2" [_thread_blocked, id=20312, stack(0x000000002e5d0000,0x000000002e6d0000)]
  0x000000001b35a800 JavaThread "WorkerExecutor Queue" [_thread_blocked, id=7232, stack(0x000000002e4d0000,0x000000002e5d0000)]
  0x000000001b35d800 JavaThread "Cache worker for execution history cache (C:\Users\miche\Desktop\kar\android\.gradle\6.7\executionHistory)" [_thread_blocked, id=10468, stack(0x000000002e1d0000,0x000000002e2d0000)]
  0x00000000190cf000 JavaThread "Execution worker for ':' Thread 7" [_thread_in_native, id=19984, stack(0x000000002e0d0000,0x000000002e1d0000)]
  0x00000000190cd000 JavaThread "Execution worker for ':' Thread 6" [_thread_blocked, id=13012, stack(0x000000002ddd0000,0x000000002ded0000)]
  0x00000000190d0800 JavaThread "Execution worker for ':' Thread 5" [_thread_blocked, id=26188, stack(0x000000002dcd0000,0x000000002ddd0000)]
  0x00000000190cc800 JavaThread "Execution worker for ':' Thread 4" [_thread_blocked, id=27104, stack(0x000000002dbd0000,0x000000002dcd0000)]
  0x00000000190d2800 JavaThread "Execution worker for ':' Thread 3" [_thread_blocked, id=18544, stack(0x000000002dad0000,0x000000002dbd0000)]
  0x00000000190ce000 JavaThread "Execution worker for ':' Thread 2" [_thread_blocked, id=15980, stack(0x000000002d9d0000,0x000000002dad0000)]
  0x00000000190cb800 JavaThread "Execution worker for ':'" [_thread_blocked, id=18752, stack(0x000000002d8d0000,0x000000002d9d0000)]
  0x00000000190d1000 JavaThread "jar transforms Thread 446" [_thread_blocked, id=16228, stack(0x000000002d5d0000,0x000000002d6d0000)]
  0x00000000190d2000 JavaThread "jar transforms Thread 445" [_thread_blocked, id=2916, stack(0x000000002d4d0000,0x000000002d5d0000)]
  0x00000000190cf800 JavaThread "jar transforms Thread 444" [_thread_blocked, id=12384, stack(0x000000002d3d0000,0x000000002d4d0000)]
  0x0000000027585000 JavaThread "jar transforms Thread 443" [_thread_blocked, id=18428, stack(0x000000002d2d0000,0x000000002d3d0000)]
  0x0000000027584000 JavaThread "jar transforms Thread 442" [_thread_blocked, id=1764, stack(0x000000002d1d0000,0x000000002d2d0000)]
  0x0000000027583800 JavaThread "jar transforms Thread 441" [_thread_blocked, id=25084, stack(0x000000002d0d0000,0x000000002d1d0000)]
  0x0000000027582800 JavaThread "jar transforms Thread 440" [_thread_blocked, id=5100, stack(0x000000002cfd0000,0x000000002d0d0000)]
  0x0000000027582000 JavaThread "jar transforms Thread 439" [_thread_blocked, id=8172, stack(0x000000002ced0000,0x000000002cfd0000)]
  0x0000000027586000 JavaThread "jar transforms Thread 438" [_thread_blocked, id=25624, stack(0x000000002cdd0000,0x000000002ced0000)]
  0x0000000027586800 JavaThread "jar transforms Thread 437" [_thread_blocked, id=21832, stack(0x000000002ccd0000,0x000000002cdd0000)]
  0x000000002757a000 JavaThread "jar transforms Thread 436" [_thread_blocked, id=23096, stack(0x000000002cbd0000,0x000000002ccd0000)]
  0x0000000027581000 JavaThread "jar transforms Thread 435" [_thread_blocked, id=3216, stack(0x000000002cad0000,0x000000002cbd0000)]
  0x0000000027579000 JavaThread "jar transforms Thread 434" [_thread_blocked, id=23064, stack(0x000000002c9d0000,0x000000002cad0000)]
  0x0000000027580800 JavaThread "jar transforms Thread 433" [_thread_blocked, id=23340, stack(0x000000002c8d0000,0x000000002c9d0000)]
  0x0000000027578800 JavaThread "jar transforms Thread 432" [_thread_blocked, id=23748, stack(0x000000002c7d0000,0x000000002c8d0000)]
  0x000000002757f800 JavaThread "jar transforms Thread 431" [_thread_blocked, id=13444, stack(0x000000002c6d0000,0x000000002c7d0000)]
  0x000000002757b000 JavaThread "jar transforms Thread 430" [_thread_blocked, id=18056, stack(0x000000002c5d0000,0x000000002c6d0000)]
  0x0000000027577800 JavaThread "jar transforms Thread 429" [_thread_blocked, id=18152, stack(0x000000002c4d0000,0x000000002c5d0000)]
  0x000000002757e800 JavaThread "jar transforms Thread 428" [_thread_blocked, id=12664, stack(0x000000002c3d0000,0x000000002c4d0000)]
  0x000000002757e000 JavaThread "jar transforms Thread 427" [_thread_blocked, id=11148, stack(0x000000002c2d0000,0x000000002c3d0000)]
  0x000000002757c800 JavaThread "jar transforms Thread 426" [_thread_blocked, id=14904, stack(0x000000002c1d0000,0x000000002c2d0000)]
  0x000000002757b800 JavaThread "jar transforms Thread 425" [_thread_blocked, id=1236, stack(0x000000002c0d0000,0x000000002c1d0000)]
  0x000000002757d000 JavaThread "jar transforms Thread 424" [_thread_blocked, id=3224, stack(0x000000002bfd0000,0x000000002c0d0000)]
  0x00000000160b9800 JavaThread "jar transforms Thread 423" [_thread_blocked, id=10856, stack(0x000000002bed0000,0x000000002bfd0000)]
  0x00000000160b9000 JavaThread "jar transforms Thread 422" [_thread_blocked, id=14532, stack(0x000000002bbd0000,0x000000002bcd0000)]
  0x00000000160b8000 JavaThread "jar transforms Thread 421" [_thread_blocked, id=7036, stack(0x000000002bad0000,0x000000002bbd0000)]
  0x00000000160b6800 JavaThread "jar transforms Thread 420" [_thread_blocked, id=7448, stack(0x000000002b9d0000,0x000000002bad0000)]
  0x00000000160b4000 JavaThread "jar transforms Thread 419" [_thread_blocked, id=16972, stack(0x000000002b8d0000,0x000000002b9d0000)]
  0x000000001b68d000 JavaThread "jar transforms Thread 418" [_thread_blocked, id=27496, stack(0x000000002b7d0000,0x000000002b8d0000)]
  0x000000001b68a000 JavaThread "jar transforms Thread 417" [_thread_blocked, id=14556, stack(0x000000002b6d0000,0x000000002b7d0000)]
  0x000000001b68b800 JavaThread "jar transforms Thread 416" [_thread_blocked, id=9724, stack(0x000000002b5d0000,0x000000002b6d0000)]
  0x000000001b68a800 JavaThread "jar transforms Thread 415" [_thread_blocked, id=16768, stack(0x000000002b4d0000,0x000000002b5d0000)]
  0x000000001b682000 JavaThread "jar transforms Thread 414" [_thread_blocked, id=15120, stack(0x000000002b3d0000,0x000000002b4d0000)]
  0x000000001b689000 JavaThread "jar transforms Thread 413" [_thread_blocked, id=19468, stack(0x000000002b2d0000,0x000000002b3d0000)]
  0x000000001b687800 JavaThread "jar transforms Thread 412" [_thread_blocked, id=9972, stack(0x000000002b1d0000,0x000000002b2d0000)]
  0x000000001b67f800 JavaThread "jar transforms Thread 411" [_thread_blocked, id=19868, stack(0x000000002b0d0000,0x000000002b1d0000)]
  0x000000001b681000 JavaThread "jar transforms Thread 410" [_thread_blocked, id=21680, stack(0x000000002afd0000,0x000000002b0d0000)]
  0x000000001b686800 JavaThread "jar transforms Thread 409" [_thread_blocked, id=17156, stack(0x000000002a8d0000,0x000000002a9d0000)]
  0x000000001b686000 JavaThread "jar transforms Thread 408" [_thread_blocked, id=15320, stack(0x000000002a7d0000,0x000000002a8d0000)]
  0x000000001b685000 JavaThread "jar transforms Thread 407" [_thread_blocked, id=6596, stack(0x000000002a6d0000,0x000000002a7d0000)]
  0x000000001b684800 JavaThread "jar transforms Thread 406" [_thread_blocked, id=19452, stack(0x000000002a5d0000,0x000000002a6d0000)]
  0x000000001b67f000 JavaThread "jar transforms Thread 405" [_thread_blocked, id=25300, stack(0x000000002a4d0000,0x000000002a5d0000)]
  0x0000000018bf9800 JavaThread "jar transforms Thread 404" [_thread_blocked, id=22732, stack(0x000000002a3d0000,0x000000002a4d0000)]
  0x0000000018bfa000 JavaThread "jar transforms Thread 403" [_thread_blocked, id=24552, stack(0x000000002a2d0000,0x000000002a3d0000)]
  0x0000000018bf8800 JavaThread "jar transforms Thread 402" [_thread_blocked, id=26776, stack(0x000000002a1d0000,0x000000002a2d0000)]
  0x0000000018bf7000 JavaThread "jar transforms Thread 401" [_thread_blocked, id=15012, stack(0x000000002a0d0000,0x000000002a1d0000)]
  0x0000000018bf4800 JavaThread "jar transforms Thread 400" [_thread_blocked, id=9784, stack(0x0000000029dd0000,0x0000000029ed0000)]
  0x0000000018bf0800 JavaThread "jar transforms Thread 399" [_thread_blocked, id=3096, stack(0x00000000271c0000,0x00000000272c0000)]
  0x0000000018bf7800 JavaThread "jar transforms Thread 398" [_thread_blocked, id=20820, stack(0x0000000025fc0000,0x00000000260c0000)]
  0x0000000018bf6000 JavaThread "jar transforms Thread 397" [_thread_blocked, id=23640, stack(0x0000000025ec0000,0x0000000025fc0000)]
  0x0000000018bee800 JavaThread "jar transforms Thread 396" [_thread_blocked, id=3732, stack(0x0000000025dc0000,0x0000000025ec0000)]
  0x0000000018bf2000 JavaThread "jar transforms Thread 395" [_thread_blocked, id=15584, stack(0x0000000025cc0000,0x0000000025dc0000)]
  0x0000000018bf5800 JavaThread "jar transforms Thread 394" [_thread_blocked, id=18528, stack(0x0000000025bc0000,0x0000000025cc0000)]
  0x0000000018bf0000 JavaThread "jar transforms Thread 393" [_thread_blocked, id=18864, stack(0x0000000025ac0000,0x0000000025bc0000)]
  0x0000000018bef000 JavaThread "jar transforms Thread 392" [_thread_blocked, id=2924, stack(0x00000000259c0000,0x0000000025ac0000)]
  0x0000000018bec800 JavaThread "jar transforms Thread 391" [_thread_blocked, id=22276, stack(0x00000000250c0000,0x00000000251c0000)]
  0x0000000018bf1800 JavaThread "jar transforms Thread 390" [_thread_blocked, id=26204, stack(0x0000000024fc0000,0x00000000250c0000)]
  0x0000000018bed800 JavaThread "jar transforms Thread 389" [_thread_blocked, id=4348, stack(0x0000000024ec0000,0x0000000024fc0000)]
  0x0000000017f96000 JavaThread "jar transforms Thread 388" [_thread_blocked, id=5460, stack(0x0000000024dc0000,0x0000000024ec0000)]
  0x0000000017f9d000 JavaThread "jar transforms Thread 387" [_thread_blocked, id=23776, stack(0x0000000024cc0000,0x0000000024dc0000)]
  0x0000000017f95000 JavaThread "jar transforms Thread 386" [_thread_blocked, id=21716, stack(0x0000000024bc0000,0x0000000024cc0000)]
  0x0000000017f99000 JavaThread "jar transforms Thread 385" [_thread_blocked, id=17636, stack(0x0000000024ac0000,0x0000000024bc0000)]
  0x0000000017f96800 JavaThread "jar transforms Thread 384" [_thread_blocked, id=15672, stack(0x00000000249c0000,0x0000000024ac0000)]
  0x0000000017f9c000 JavaThread "jar transforms Thread 383" [_thread_blocked, id=8872, stack(0x00000000248c0000,0x00000000249c0000)]
  0x0000000017f98000 JavaThread "jar transforms Thread 382" [_thread_blocked, id=6916, stack(0x00000000247c0000,0x00000000248c0000)]
  0x0000000017f97800 JavaThread "jar transforms Thread 381" [_thread_blocked, id=14104, stack(0x00000000246c0000,0x00000000247c0000)]
  0x0000000017f99800 JavaThread "jar transforms Thread 380" [_thread_blocked, id=16832, stack(0x00000000245c0000,0x00000000246c0000)]
  0x0000000017f9a800 JavaThread "jar transforms Thread 379" [_thread_blocked, id=22504, stack(0x00000000244c0000,0x00000000245c0000)]
  0x0000000017f9b800 JavaThread "jar transforms Thread 378" [_thread_blocked, id=1588, stack(0x00000000243c0000,0x00000000244c0000)]
  0x0000000017f90800 JavaThread "jar transforms Thread 377" [_thread_blocked, id=20064, stack(0x00000000242c0000,0x00000000243c0000)]
  0x0000000017f91000 JavaThread "jar transforms Thread 376" [_thread_blocked, id=7568, stack(0x00000000241c0000,0x00000000242c0000)]
  0x0000000017f92800 JavaThread "jar transforms Thread 375" [_thread_blocked, id=17824, stack(0x00000000240c0000,0x00000000241c0000)]
  0x0000000017f92000 JavaThread "jar transforms Thread 374" [_thread_blocked, id=13432, stack(0x0000000023fc0000,0x00000000240c0000)]
  0x0000000017f8e000 JavaThread "jar transforms Thread 373" [_thread_blocked, id=3644, stack(0x0000000023960000,0x0000000023a60000)]
  0x0000000017f94000 JavaThread "jar transforms Thread 372" [_thread_blocked, id=22368, stack(0x0000000023860000,0x0000000023960000)]
  0x0000000017f8f800 JavaThread "jar transforms Thread 371" [_thread_blocked, id=4760, stack(0x0000000023760000,0x0000000023860000)]
  0x0000000019288000 JavaThread "jar transforms Thread 370" [_thread_blocked, id=13900, stack(0x0000000023660000,0x0000000023760000)]
  0x0000000019287800 JavaThread "jar transforms Thread 369" [_thread_blocked, id=15004, stack(0x0000000023160000,0x0000000023260000)]
  0x0000000019286800 JavaThread "jar transforms Thread 368" [_thread_blocked, id=16544, stack(0x0000000022e10000,0x0000000022f10000)]
  0x0000000019286000 JavaThread "jar transforms Thread 367" [_thread_blocked, id=17044, stack(0x0000000022d10000,0x0000000022e10000)]
  0x0000000019285000 JavaThread "jar transforms Thread 366" [_thread_blocked, id=6524, stack(0x0000000022c10000,0x0000000022d10000)]
  0x0000000019284000 JavaThread "jar transforms Thread 365" [_thread_blocked, id=8256, stack(0x0000000022b10000,0x0000000022c10000)]
  0x0000000019283800 JavaThread "jar transforms Thread 364" [_thread_blocked, id=22148, stack(0x0000000022a10000,0x0000000022b10000)]
  0x000000001927b800 JavaThread "jar transforms Thread 363" [_thread_blocked, id=26512, stack(0x0000000020f70000,0x0000000021070000)]
  0x0000000019282800 JavaThread "jar transforms Thread 362" [_thread_blocked, id=13392, stack(0x0000000020e70000,0x0000000020f70000)]
  0x000000001927b000 JavaThread "jar transforms Thread 361" [_thread_blocked, id=1612, stack(0x0000000020d70000,0x0000000020e70000)]
  0x000000001927e800 JavaThread "jar transforms Thread 360" [_thread_blocked, id=6488, stack(0x0000000020870000,0x0000000020970000)]
  0x0000000019280800 JavaThread "jar transforms Thread 359" [_thread_blocked, id=19080, stack(0x0000000020670000,0x0000000020770000)]
  0x000000001927a000 JavaThread "jar transforms Thread 358" [_thread_blocked, id=10140, stack(0x0000000020370000,0x0000000020470000)]
  0x000000001927e000 JavaThread "jar transforms Thread 357" [_thread_blocked, id=23264, stack(0x0000000020270000,0x0000000020370000)]
  0x0000000019281000 JavaThread "jar transforms Thread 356" [_thread_blocked, id=3552, stack(0x0000000020170000,0x0000000020270000)]
  0x000000001927d000 JavaThread "jar transforms Thread 355" [_thread_blocked, id=13860, stack(0x0000000020070000,0x0000000020170000)]
  0x0000000019279000 JavaThread "Build operations Thread 8" [_thread_blocked, id=21940, stack(0x000000001ff70000,0x0000000020070000)]
  0x000000001927c800 JavaThread "Build operations Thread 7" [_thread_blocked, id=6688, stack(0x000000001fe70000,0x000000001ff70000)]
  0x000000001b787800 JavaThread "Build operations Thread 6" [_thread_blocked, id=16796, stack(0x000000001fd70000,0x000000001fe70000)]
  0x000000001b782800 JavaThread "Build operations Thread 5" [_thread_blocked, id=8344, stack(0x000000001fc70000,0x000000001fd70000)]
  0x000000001b785000 JavaThread "Build operations Thread 4" [_thread_blocked, id=23252, stack(0x000000001f970000,0x000000001fa70000)]
  0x000000001b786000 JavaThread "Build operations Thread 3" [_thread_blocked, id=18308, stack(0x000000001f170000,0x000000001f270000)]
  0x000000001b78a000 JavaThread "Build operations Thread 2" [_thread_blocked, id=24144, stack(0x000000001e970000,0x000000001ea70000)]
  0x000000001b783800 JavaThread "Build operations" [_thread_blocked, id=14516, stack(0x000000001e870000,0x000000001e970000)]
  0x000000001b789000 JavaThread "Cache worker for Build Output Cleanup Cache (C:\Users\miche\Desktop\kar\android\.gradle\buildOutputCleanup)" [_thread_blocked, id=20116, stack(0x000000001d510000,0x000000001d610000)]
  0x000000001b788000 JavaThread "Cache worker for cache directory md-rule (C:\Users\miche\.gradle\caches\6.7\md-rule)" [_thread_blocked, id=22544, stack(0x000000001d410000,0x000000001d510000)]
  0x000000001b784800 JavaThread "Cache worker for cache directory md-supplier (C:\Users\miche\.gradle\caches\6.7\md-supplier)" [_thread_blocked, id=12376, stack(0x000000001aa70000,0x000000001ab70000)]
  0x000000001b77b000 JavaThread "Cache worker for checksums cache (C:\Users\miche\Desktop\kar\android\.gradle\checksums)" [_thread_blocked, id=4272, stack(0x000000001a970000,0x000000001aa70000)]
  0x000000001b782000 JavaThread "Cache worker for file hash cache (C:\Users\miche\Desktop\kar\android\.gradle\6.7\fileHashes)" [_thread_blocked, id=26696, stack(0x000000001a870000,0x000000001a970000)]
  0x000000001b781000 JavaThread "Thread-477" [_thread_blocked, id=23240, stack(0x000000001a770000,0x000000001a870000)]
  0x000000001b77f000 JavaThread "Stdin handler" [_thread_blocked, id=25376, stack(0x000000001a570000,0x000000001a670000)]
  0x000000001b77e000 JavaThread "Asynchronous log dispatcher for DefaultDaemonConnection: socket connection from /127.0.0.1:61536 to /127.0.0.1:52898" [_thread_blocked, id=19640, stack(0x000000001a470000,0x000000001a570000)]
  0x000000001b77d000 JavaThread "Daemon worker Thread 4" [_thread_blocked, id=22084, stack(0x000000001a170000,0x000000001a270000)]
  0x000000001b77f800 JavaThread "Cancel handler" [_thread_blocked, id=13256, stack(0x0000000019d30000,0x0000000019e30000)]
  0x000000001b77b800 JavaThread "Handler for socket connection from /127.0.0.1:61536 to /127.0.0.1:52898" [_thread_in_native, id=21908, stack(0x0000000019c30000,0x0000000019d30000)]
  0x000000001b77c800 JavaThread "Daemon Thread 4" [_thread_blocked, id=17196, stack(0x0000000000ad0000,0x0000000000bd0000)]
  0x0000000018bf4000 JavaThread "Device List Monitor" [_thread_in_native, id=23968, stack(0x0000000023360000,0x0000000023460000)]
  0x0000000018bec000 JavaThread "JdwpProxyConnection" [_thread_in_native, id=5344, stack(0x0000000022710000,0x0000000022810000)]
  0x0000000018bf3000 JavaThread "Monitor" [_thread_in_native, id=8120, stack(0x0000000023260000,0x0000000023360000)]
  0x000000001b67e000 JavaThread "Cache worker for Java compile cache (C:\Users\miche\.gradle\caches\6.7\javaCompile)" [_thread_blocked, id=12512, stack(0x0000000020770000,0x0000000020870000)]
  0x000000001b682800 JavaThread "Memory manager" [_thread_blocked, id=22772, stack(0x00000000266c0000,0x00000000267c0000)]
  0x00000000160b7800 JavaThread "Cache worker for file content cache (C:\Users\miche\.gradle\caches\6.7\fileContent)" [_thread_blocked, id=26316, stack(0x000000001f270000,0x000000001f370000)]
  0x00000000160b5800 JavaThread "Cache worker for execution history cache (C:\Users\miche\.gradle\caches\6.7\executionHistory)" [_thread_blocked, id=17532, stack(0x000000001ea70000,0x000000001eb70000)]
  0x00000000160b3800 JavaThread "Cache worker for journal cache (C:\Users\miche\.gradle\caches\journal-1)" [_thread_blocked, id=6724, stack(0x000000001af70000,0x000000001b070000)]
  0x00000000160b5000 JavaThread "File lock request listener" [_thread_in_native, id=5404, stack(0x000000001ae70000,0x000000001af70000)]
  0x00000000160b2800 JavaThread "Cache worker for file hash cache (C:\Users\miche\.gradle\caches\6.7\fileHashes)" [_thread_blocked, id=20344, stack(0x000000001ad70000,0x000000001ae70000)]
  0x00000000187a3000 JavaThread "Daemon periodic checks" [_thread_blocked, id=14140, stack(0x000000001a070000,0x000000001a170000)]
  0x000000001874c800 JavaThread "Incoming local TCP Connector on port 61536" [_thread_in_native, id=2872, stack(0x0000000019e30000,0x0000000019f30000)]
  0x000000001861d800 JavaThread "Daemon health stats" [_thread_blocked, id=20676, stack(0x00000000197f0000,0x00000000198f0000)]
  0x0000000015fc8000 JavaThread "Service Thread" daemon [_thread_blocked, id=24524, stack(0x0000000016c50000,0x0000000016d50000)]
  0x0000000015f92000 JavaThread "C1 CompilerThread3" daemon [_thread_blocked, id=11000, stack(0x0000000016b50000,0x0000000016c50000)]
=>0x0000000015f8e000 JavaThread "C2 CompilerThread2" daemon [_thread_in_native, id=19748, stack(0x0000000016a50000,0x0000000016b50000)]
  0x0000000015f88000 JavaThread "C2 CompilerThread1" daemon [_thread_blocked, id=17248, stack(0x0000000016950000,0x0000000016a50000)]
  0x0000000015f8a800 JavaThread "C2 CompilerThread0" daemon [_thread_in_native, id=18652, stack(0x0000000016850000,0x0000000016950000)]
  0x0000000015f7e800 JavaThread "Attach Listener" daemon [_thread_blocked, id=16748, stack(0x0000000016750000,0x0000000016850000)]
  0x0000000015f7d000 JavaThread "Signal Dispatcher" daemon [_thread_blocked, id=6948, stack(0x0000000016650000,0x0000000016750000)]
  0x000000001415d000 JavaThread "Finalizer" daemon [_thread_blocked, id=14864, stack(0x0000000016450000,0x0000000016550000)]
  0x0000000015f70800 JavaThread "Reference Handler" daemon [_thread_blocked, id=11780, stack(0x0000000016350000,0x0000000016450000)]
  0x00000000027f2800 JavaThread "main" [_thread_blocked, id=7744, stack(0x00000000026e0000,0x00000000027e0000)]

Other Threads:
  0x0000000014157000 VMThread [stack: 0x0000000015e50000,0x0000000015f50000] [id=24780]
  0x0000000015fca800 WatcherThread [stack: 0x0000000016d50000,0x0000000016e50000] [id=24724]

VM state:not at safepoint (normal execution)

VM Mutex/Monitor currently owned by a thread: None

heap address: 0x00000000e0000000, size: 512 MB, Compressed Oops mode: 32-bit
Narrow klass base: 0x0000000000000000, Narrow klass shift: 3
Compressed class space size: 1073741824 Address: 0x0000000100000000

Heap:
 PSYoungGen      total 135680K, used 88031K [0x00000000f5580000, 0x0000000100000000, 0x0000000100000000)
  eden space 99840K, 67% used [0x00000000f5580000,0x00000000f96e85a0,0x00000000fb700000)
  from space 35840K, 58% used [0x00000000fb700000,0x00000000fcb8f7f8,0x00000000fda00000)
  to   space 36352K, 0% used [0x00000000fdc80000,0x00000000fdc80000,0x0000000100000000)
 ParOldGen       total 300544K, used 105961K [0x00000000e0000000, 0x00000000f2580000, 0x00000000f5580000)
  object space 300544K, 35% used [0x00000000e0000000,0x00000000e677a520,0x00000000f2580000)
 Metaspace       used 113084K, capacity 121423K, committed 121600K, reserved 1155072K
  class space    used 14975K, capacity 16594K, committed 16640K, reserved 1048576K

Card table byte_map: [0x0000000011cb0000,0x0000000011dc0000] byte_map_base: 0x00000000115b0000

Marking Bits: (ParMarkBitMap*) 0x000000006c093420
 Begin Bits: [0x0000000012670000, 0x0000000012e70000)
 End Bits:   [0x0000000012e70000, 0x0000000013670000)

Polling page: 0x0000000002670000

CodeCache: size=245760Kb used=68385Kb max_used=68395Kb free=177374Kb
 bounds [0x00000000028f0000, 0x0000000006c30000, 0x00000000118f0000]
 total_blobs=20634 nmethods=19675 adapters=867
 compilation: enabled

Compilation events (10 events):
Event: 8158.835 Thread 0x0000000015f88000 25307       4       org.gradle.internal.operations.DefaultBuildOperationExecutor::call (19 bytes)
Event: 8158.881 Thread 0x0000000015f88000 nmethod 25307 0x00000000064546d0 code [0x00000000064548e0, 0x00000000064555b0]
Event: 8158.891 Thread 0x0000000015f92000 25313       3       com.google.wireless.android.sdk.stats.GradleBuildProfileSpan$Builder::getId (5 bytes)
Event: 8158.892 Thread 0x0000000015f92000 nmethod 25313 0x00000000064664d0 code [0x0000000006466620, 0x0000000006466770]
Event: 8158.932 Thread 0x0000000015f92000 25314       3       java.util.concurrent.CountDownLatch$Sync::tryAcquireShared (13 bytes)
Event: 8158.932 Thread 0x0000000015f92000 nmethod 25314 0x00000000064660d0 code [0x0000000006466220, 0x0000000006466470]
Event: 8158.933 Thread 0x0000000015f92000 25315       3       com.google.common.base.Joiner::<init> (16 bytes)
Event: 8158.933 Thread 0x0000000015f92000 nmethod 25315 0x0000000006465ad0 code [0x0000000006465c40, 0x0000000006465f68]
Event: 8158.933 Thread 0x0000000015f88000 25316       4       com.sun.org.apache.xerces.internal.dom.ElementImpl::getTagName (16 bytes)
Event: 8158.945 Thread 0x0000000015f88000 nmethod 25316 0x0000000006465390 code [0x0000000006465520, 0x0000000006465798]

GC Heap History (10 events):
Event: 7530.993 GC heap before
{Heap before GC invocations=53 (full 4):
 PSYoungGen      total 131072K, used 108374K [0x00000000f5580000, 0x00000000ffb00000, 0x0000000100000000)
  eden space 93696K, 100% used [0x00000000f5580000,0x00000000fb100000,0x00000000fb100000)
  from space 37376K, 39% used [0x00000000fd680000,0x00000000fe4d5848,0x00000000ffb00000)
  to   space 37888K, 0% used [0x00000000fb100000,0x00000000fb100000,0x00000000fd600000)
 ParOldGen       total 300544K, used 91605K [0x00000000e0000000, 0x00000000f2580000, 0x00000000f5580000)
  object space 300544K, 30% used [0x00000000e0000000,0x00000000e5975698,0x00000000f2580000)
 Metaspace       used 110452K, capacity 117371K, committed 117504K, reserved 1150976K
  class space    used 14685K, capacity 16007K, committed 16128K, reserved 1048576K
Event: 7531.225 GC heap after
Heap after GC invocations=53 (full 4):
 PSYoungGen      total 131584K, used 5718K [0x00000000f5580000, 0x0000000100000000, 0x0000000100000000)
  eden space 93696K, 0% used [0x00000000f5580000,0x00000000f5580000,0x00000000fb100000)
  from space 37888K, 15% used [0x00000000fb100000,0x00000000fb695828,0x00000000fd600000)
  to   space 37888K, 0% used [0x00000000fdb00000,0x00000000fdb00000,0x0000000100000000)
 ParOldGen       total 300544K, used 92723K [0x00000000e0000000, 0x00000000f2580000, 0x00000000f5580000)
  object space 300544K, 30% used [0x00000000e0000000,0x00000000e5a8cee8,0x00000000f2580000)
 Metaspace       used 110452K, capacity 117371K, committed 117504K, reserved 1150976K
  class space    used 14685K, capacity 16007K, committed 16128K, reserved 1048576K
}
Event: 7536.796 GC heap before
{Heap before GC invocations=54 (full 4):
 PSYoungGen      total 131584K, used 99414K [0x00000000f5580000, 0x0000000100000000, 0x0000000100000000)
  eden space 93696K, 100% used [0x00000000f5580000,0x00000000fb100000,0x00000000fb100000)
  from space 37888K, 15% used [0x00000000fb100000,0x00000000fb695828,0x00000000fd600000)
  to   space 37888K, 0% used [0x00000000fdb00000,0x00000000fdb00000,0x0000000100000000)
 ParOldGen       total 300544K, used 92723K [0x00000000e0000000, 0x00000000f2580000, 0x00000000f5580000)
  object space 300544K, 30% used [0x00000000e0000000,0x00000000e5a8cee8,0x00000000f2580000)
 Metaspace       used 110728K, capacity 117849K, committed 118016K, reserved 1150976K
  class space    used 14718K, capacity 16064K, committed 16128K, reserved 1048576K
Event: 7536.844 GC heap after
Heap after GC invocations=54 (full 4):
 PSYoungGen      total 135680K, used 7552K [0x00000000f5580000, 0x00000000fff00000, 0x0000000100000000)
  eden space 98816K, 0% used [0x00000000f5580000,0x00000000f5580000,0x00000000fb600000)
  from space 36864K, 20% used [0x00000000fdb00000,0x00000000fe260040,0x00000000fff00000)
  to   space 37376K, 0% used [0x00000000fb600000,0x00000000fb600000,0x00000000fda80000)
 ParOldGen       total 300544K, used 97641K [0x00000000e0000000, 0x00000000f2580000, 0x00000000f5580000)
  object space 300544K, 32% used [0x00000000e0000000,0x00000000e5f5a5a0,0x00000000f2580000)
 Metaspace       used 110728K, capacity 117849K, committed 118016K, reserved 1150976K
  class space    used 14718K, capacity 16064K, committed 16128K, reserved 1048576K
}
Event: 7539.688 GC heap before
{Heap before GC invocations=55 (full 4):
 PSYoungGen      total 135680K, used 106368K [0x00000000f5580000, 0x00000000fff00000, 0x0000000100000000)
  eden space 98816K, 100% used [0x00000000f5580000,0x00000000fb600000,0x00000000fb600000)
  from space 36864K, 20% used [0x00000000fdb00000,0x00000000fe260040,0x00000000fff00000)
  to   space 37376K, 0% used [0x00000000fb600000,0x00000000fb600000,0x00000000fda80000)
 ParOldGen       total 300544K, used 97641K [0x00000000e0000000, 0x00000000f2580000, 0x00000000f5580000)
  object space 300544K, 32% used [0x00000000e0000000,0x00000000e5f5a5a0,0x00000000f2580000)
 Metaspace       used 110799K, capacity 117991K, committed 118272K, reserved 1150976K
  class space    used 14726K, capacity 16077K, committed 16128K, reserved 1048576K
Event: 7539.710 GC heap after
Heap after GC invocations=55 (full 4):
 PSYoungGen      total 136192K, used 2976K [0x00000000f5580000, 0x0000000100000000, 0x0000000100000000)
  eden space 98816K, 0% used [0x00000000f5580000,0x00000000f5580000,0x00000000fb600000)
  from space 37376K, 7% used [0x00000000fb600000,0x00000000fb8e8000,0x00000000fda80000)
  to   space 37376K, 0% used [0x00000000fdb80000,0x00000000fdb80000,0x0000000100000000)
 ParOldGen       total 300544K, used 104021K [0x00000000e0000000, 0x00000000f2580000, 0x00000000f5580000)
  object space 300544K, 34% used [0x00000000e0000000,0x00000000e6595510,0x00000000f2580000)
 Metaspace       used 110799K, capacity 117991K, committed 118272K, reserved 1150976K
  class space    used 14726K, capacity 16077K, committed 16128K, reserved 1048576K
}
Event: 8131.523 GC heap before
{Heap before GC invocations=56 (full 4):
 PSYoungGen      total 136192K, used 101792K [0x00000000f5580000, 0x0000000100000000, 0x0000000100000000)
  eden space 98816K, 100% used [0x00000000f5580000,0x00000000fb600000,0x00000000fb600000)
  from space 37376K, 7% used [0x00000000fb600000,0x00000000fb8e8000,0x00000000fda80000)
  to   space 37376K, 0% used [0x00000000fdb80000,0x00000000fdb80000,0x0000000100000000)
 ParOldGen       total 300544K, used 104021K [0x00000000e0000000, 0x00000000f2580000, 0x00000000f5580000)
  object space 300544K, 34% used [0x00000000e0000000,0x00000000e6595510,0x00000000f2580000)
 Metaspace       used 112380K, capacity 120415K, committed 120704K, reserved 1153024K
  class space    used 14903K, capacity 16452K, committed 16512K, reserved 1048576K
Event: 8132.111 GC heap after
Heap after GC invocations=56 (full 4):
 PSYoungGen      total 134144K, used 10774K [0x00000000f5580000, 0x00000000ffd00000, 0x0000000100000000)
  eden space 99840K, 0% used [0x00000000f5580000,0x00000000f5580000,0x00000000fb700000)
  from space 34304K, 31% used [0x00000000fdb80000,0x00000000fe605828,0x00000000ffd00000)
  to   space 35840K, 0% used [0x00000000fb700000,0x00000000fb700000,0x00000000fda00000)
 ParOldGen       total 300544K, used 105953K [0x00000000e0000000, 0x00000000f2580000, 0x00000000f5580000)
  object space 300544K, 35% used [0x00000000e0000000,0x00000000e6778520,0x00000000f2580000)
 Metaspace       used 112380K, capacity 120415K, committed 120704K, reserved 1153024K
  class space    used 14903K, capacity 16452K, committed 16512K, reserved 1048576K
}
Event: 8153.664 GC heap before
{Heap before GC invocations=57 (full 4):
 PSYoungGen      total 134144K, used 110614K [0x00000000f5580000, 0x00000000ffd00000, 0x0000000100000000)
  eden space 99840K, 100% used [0x00000000f5580000,0x00000000fb700000,0x00000000fb700000)
  from space 34304K, 31% used [0x00000000fdb80000,0x00000000fe605828,0x00000000ffd00000)
  to   space 35840K, 0% used [0x00000000fb700000,0x00000000fb700000,0x00000000fda00000)
 ParOldGen       total 300544K, used 105953K [0x00000000e0000000, 0x00000000f2580000, 0x00000000f5580000)
  object space 300544K, 35% used [0x00000000e0000000,0x00000000e6778520,0x00000000f2580000)
 Metaspace       used 113014K, capacity 121417K, committed 121600K, reserved 1155072K
  class space    used 14974K, capacity 16593K, committed 16640K, reserved 1048576K
Event: 8154.043 GC heap after
Heap after GC invocations=57 (full 4):
 PSYoungGen      total 135680K, used 21053K [0x00000000f5580000, 0x0000000100000000, 0x0000000100000000)
  eden space 99840K, 0% used [0x00000000f5580000,0x00000000f5580000,0x00000000fb700000)
  from space 35840K, 58% used [0x00000000fb700000,0x00000000fcb8f7f8,0x00000000fda00000)
  to   space 36352K, 0% used [0x00000000fdc80000,0x00000000fdc80000,0x0000000100000000)
 ParOldGen       total 300544K, used 105961K [0x00000000e0000000, 0x00000000f2580000, 0x00000000f5580000)
  object space 300544K, 35% used [0x00000000e0000000,0x00000000e677a520,0x00000000f2580000)
 Metaspace       used 113014K, capacity 121417K, committed 121600K, reserved 1155072K
  class space    used 14974K, capacity 16593K, committed 16640K, reserved 1048576K
}

Deoptimization events (10 events):
Event: 8153.200 Thread 0x00000000190cf000 Uncommon trap: reason=class_check action=maybe_recompile pc=0x0000000005a932d4 method=org.gradle.api.internal.artifacts.transform.DefaultTransformationNodeRegistry.getIfExecuted(Lorg/gradle/api/artifacts/component/ComponentArtifactIdentifier;Lorg/gradle/a
Event: 8154.086 Thread 0x000000001b787800 Uncommon trap: reason=unstable_if action=reinterpret pc=0x00000000065471e4 method=com.esotericsoftware.kryo.io.Input.readVarLong(Z)J @ 84
Event: 8154.639 Thread 0x0000000019279000 Uncommon trap: reason=array_check action=maybe_recompile pc=0x0000000005967f5c method=java.util.ComparableTimSort.mergeLo(IIII)V @ 371
Event: 8154.690 Thread 0x000000001b78a000 Uncommon trap: reason=unstable_if action=reinterpret pc=0x00000000052b715c method=java.lang.String.regionMatches(ZILjava/lang/String;II)Z @ 25
Event: 8154.704 Thread 0x000000001b78a000 Uncommon trap: reason=unstable_if action=reinterpret pc=0x00000000061218e0 method=com.android.tools.build.jetifier.processor.AndroidXRefScanner$AndroidXTrackingRemapper.map(Ljava/lang/String;)Ljava/lang/String; @ 15
Event: 8154.718 Thread 0x000000001b78a000 Uncommon trap: reason=unstable_if action=reinterpret pc=0x000000000487d77c method=org.objectweb.asm.SymbolTable.addConstant(Ljava/lang/Object;)Lorg/objectweb/asm/Symbol; @ 126
Event: 8155.672 Thread 0x000000001b785000 Uncommon trap: reason=array_check action=maybe_recompile pc=0x0000000005968280 method=java.util.ComparableTimSort.mergeLo(IIII)V @ 133
Event: 8155.928 Thread 0x000000001927c800 Uncommon trap: reason=array_check action=maybe_recompile pc=0x0000000005967f5c method=java.util.ComparableTimSort.mergeLo(IIII)V @ 371
Event: 8157.879 Thread 0x000000001b785000 Uncommon trap: reason=unstable_if action=reinterpret pc=0x000000000675a290 method=org.gradle.api.internal.changedetection.state.GradleUserHomeScopeFileTimeStampInspector.timestampCanBeUsedToDetectFileChange(Ljava/lang/String;J)Z @ 14
Event: 8158.618 Thread 0x00000000190cf000 Uncommon trap: reason=class_check action=maybe_recompile pc=0x0000000005a932d4 method=org.gradle.api.internal.artifacts.transform.DefaultTransformationNodeRegistry.getIfExecuted(Lorg/gradle/api/artifacts/component/ComponentArtifactIdentifier;Lorg/gradle/a

Classes redefined (0 events):
No events

Internal exceptions (10 events):
Event: 8158.742 Thread 0x000000001b359000 Exception <a 'sun/nio/fs/WindowsException'> (0x00000000f968d730) thrown at [C:\cygwin64\tmp\build\source\java-1.8.0-openjdk\tmp\jdk8u\hotspot\src\share\vm\prims\jni.cpp, line 711]
Event: 8158.743 Thread 0x000000001b359000 Exception <a 'sun/nio/fs/WindowsException'> (0x00000000f968e2e0) thrown at [C:\cygwin64\tmp\build\source\java-1.8.0-openjdk\tmp\jdk8u\hotspot\src\share\vm\prims\jni.cpp, line 711]
Event: 8158.758 Thread 0x000000001b35a800 Exception <a 'sun/nio/fs/WindowsException'> (0x00000000f969cc60) thrown at [C:\cygwin64\tmp\build\source\java-1.8.0-openjdk\tmp\jdk8u\hotspot\src\share\vm\prims\jni.cpp, line 711]
Event: 8158.758 Thread 0x000000001b35a800 Exception <a 'sun/nio/fs/WindowsException'> (0x00000000f969d858) thrown at [C:\cygwin64\tmp\build\source\java-1.8.0-openjdk\tmp\jdk8u\hotspot\src\share\vm\prims\jni.cpp, line 711]
Event: 8158.765 Thread 0x000000001b35a800 Exception <a 'sun/nio/fs/WindowsException'> (0x00000000f96ae200) thrown at [C:\cygwin64\tmp\build\source\java-1.8.0-openjdk\tmp\jdk8u\hotspot\src\share\vm\prims\jni.cpp, line 711]
Event: 8158.766 Thread 0x000000001b35a800 Exception <a 'sun/nio/fs/WindowsException'> (0x00000000f96aed90) thrown at [C:\cygwin64\tmp\build\source\java-1.8.0-openjdk\tmp\jdk8u\hotspot\src\share\vm\prims\jni.cpp, line 711]
Event: 8158.771 Thread 0x000000001b366000 Exception <a 'sun/nio/fs/WindowsException'> (0x00000000f96b2420) thrown at [C:\cygwin64\tmp\build\source\java-1.8.0-openjdk\tmp\jdk8u\hotspot\src\share\vm\prims\jni.cpp, line 711]
Event: 8158.771 Thread 0x000000001b366000 Exception <a 'sun/nio/fs/WindowsException'> (0x00000000f96b2fb0) thrown at [C:\cygwin64\tmp\build\source\java-1.8.0-openjdk\tmp\jdk8u\hotspot\src\share\vm\prims\jni.cpp, line 711]
Event: 8158.780 Thread 0x000000001b358000 Exception <a 'sun/nio/fs/WindowsException'> (0x00000000f96bccf8) thrown at [C:\cygwin64\tmp\build\source\java-1.8.0-openjdk\tmp\jdk8u\hotspot\src\share\vm\prims\jni.cpp, line 711]
Event: 8158.782 Thread 0x000000001b358000 Exception <a 'sun/nio/fs/WindowsException'> (0x00000000f96bd890) thrown at [C:\cygwin64\tmp\build\source\java-1.8.0-openjdk\tmp\jdk8u\hotspot\src\share\vm\prims\jni.cpp, line 711]

Events (10 events):
Event: 8158.686 Thread 0x000000001b35c800 Thread added: 0x000000001b35c800
Event: 8158.687 Thread 0x000000001b360000 Thread added: 0x000000001b360000
Event: 8158.688 Thread 0x000000001b35c000 Thread added: 0x000000001b35c000
Event: 8158.689 Thread 0x000000001b35e800 Thread added: 0x000000001b35e800
Event: 8158.691 Thread 0x000000001b359000 Thread added: 0x000000001b359000
Event: 8158.698 Thread 0x000000001b366000 Thread added: 0x000000001b366000
Event: 8158.702 Executing VM operation: RevokeBias
Event: 8158.705 Executing coalesced safepoint VM operation: RevokeBias
Event: 8158.705 Executing coalesced safepoint VM operation: RevokeBias done
Event: 8158.705 Executing VM operation: RevokeBias done


Dynamic libraries:
0x00007ff7f32d0000 - 0x00007ff7f3305000 	C:\Program Files\OpenJDK\openjdk-8u282-b08\bin\java.exe
0x00007fff60070000 - 0x00007fff60265000 	C:\WINDOWS\SYSTEM32\ntdll.dll
0x00007fff5f300000 - 0x00007fff5f3bd000 	C:\WINDOWS\System32\KERNEL32.DLL
0x00007fff5dc50000 - 0x00007fff5df19000 	C:\WINDOWS\System32\KERNELBASE.dll
0x00007fff5e0d0000 - 0x00007fff5e17c000 	C:\WINDOWS\System32\ADVAPI32.dll
0x00007fff5f000000 - 0x00007fff5f09e000 	C:\WINDOWS\System32\msvcrt.dll
0x00007fff5e9c0000 - 0x00007fff5ea5c000 	C:\WINDOWS\System32\sechost.dll
0x00007fff5f1d0000 - 0x00007fff5f2fb000 	C:\WINDOWS\System32\RPCRT4.dll
0x00007fff5f9e0000 - 0x00007fff5fb80000 	C:\WINDOWS\System32\USER32.dll
0x00007fff5da90000 - 0x00007fff5dab2000 	C:\WINDOWS\System32\win32u.dll
0x00007fff5f4b0000 - 0x00007fff5f4da000 	C:\WINDOWS\System32\GDI32.dll
0x00007fff5db40000 - 0x00007fff5dc4b000 	C:\WINDOWS\System32\gdi32full.dll
0x00007fff5d960000 - 0x00007fff5d9fd000 	C:\WINDOWS\System32\msvcp_win.dll
0x00007fff5d860000 - 0x00007fff5d960000 	C:\WINDOWS\System32\ucrtbase.dll
0x00007fff39b50000 - 0x00007fff39dea000 	C:\WINDOWS\WinSxS\amd64_microsoft.windows.common-controls_6595b64144ccf1df_6.0.19041.844_none_ca00b6081b84eb1d\COMCTL32.dll
0x00007fff5f480000 - 0x00007fff5f4b0000 	C:\WINDOWS\System32\IMM32.DLL
0x000000006c120000 - 0x000000006c1f2000 	C:\Program Files\OpenJDK\openjdk-8u282-b08\jre\bin\msvcr100.dll
0x000000006b880000 - 0x000000006c115000 	C:\Program Files\OpenJDK\openjdk-8u282-b08\jre\bin\server\jvm.dll
0x00007fff5f3c0000 - 0x00007fff5f3c8000 	C:\WINDOWS\System32\PSAPI.DLL
0x00007fff54390000 - 0x00007fff54399000 	C:\WINDOWS\SYSTEM32\WSOCK32.dll
0x00007fff47e50000 - 0x00007fff47e5a000 	C:\WINDOWS\SYSTEM32\VERSION.dll
0x00007fff49440000 - 0x00007fff49467000 	C:\WINDOWS\SYSTEM32\WINMM.dll
0x00007fff5ffc0000 - 0x00007fff6002b000 	C:\WINDOWS\System32\WS2_32.dll
0x00007fff51800000 - 0x00007fff5180f000 	C:\Program Files\OpenJDK\openjdk-8u282-b08\jre\bin\verify.dll
0x00007fff4b2d0000 - 0x00007fff4b2f9000 	C:\Program Files\OpenJDK\openjdk-8u282-b08\jre\bin\java.dll
0x00007fff4b5b0000 - 0x00007fff4b5c6000 	C:\Program Files\OpenJDK\openjdk-8u282-b08\jre\bin\zip.dll
0x00007fff5e1e0000 - 0x00007fff5e922000 	C:\WINDOWS\System32\SHELL32.dll
0x00007fff5b6d0000 - 0x00007fff5be60000 	C:\WINDOWS\SYSTEM32\windows.storage.dll
0x00007fff5eaf0000 - 0x00007fff5ee45000 	C:\WINDOWS\System32\combase.dll
0x00007fff5d1b0000 - 0x00007fff5d1dc000 	C:\WINDOWS\SYSTEM32\Wldp.dll
0x00007fff5f3d0000 - 0x00007fff5f47e000 	C:\WINDOWS\System32\SHCORE.dll
0x00007fff5e180000 - 0x00007fff5e1d5000 	C:\WINDOWS\System32\shlwapi.dll
0x00007fff5d6f0000 - 0x00007fff5d70f000 	C:\WINDOWS\SYSTEM32\profapi.dll
0x00007fff4b280000 - 0x00007fff4b29b000 	C:\Program Files\OpenJDK\openjdk-8u282-b08\jre\bin\net.dll
0x00007fff5ced0000 - 0x00007fff5cf3a000 	C:\WINDOWS\system32\mswsock.dll
0x00007fff4aa50000 - 0x00007fff4aa62000 	C:\Program Files\OpenJDK\openjdk-8u282-b08\jre\bin\nio.dll
0x00007fff4a960000 - 0x00007fff4a986000 	C:\Users\miche\.gradle\native\fdc75f09e3144964f2cf3f50f0aa648679c211496f362492102eb8c894070792\windows-amd64\native-platform.dll
0x00007fff3ea10000 - 0x00007fff3eba1000 	C:\Users\miche\.gradle\native\12488b8bf47d2d4c9fbf2f6322a914ad602e24e48041cd04a747c6da556b65c4\windows-amd64\native-platform-file-events.dll
0x00007fff51710000 - 0x00007fff5171d000 	C:\Program Files\OpenJDK\openjdk-8u282-b08\jre\bin\management.dll
0x00007fff5d0a0000 - 0x00007fff5d0b8000 	C:\WINDOWS\SYSTEM32\CRYPTSP.dll
0x00007fff5c870000 - 0x00007fff5c8a4000 	C:\WINDOWS\system32\rsaenh.dll
0x00007fff5da00000 - 0x00007fff5da27000 	C:\WINDOWS\System32\bcrypt.dll
0x00007fff5d670000 - 0x00007fff5d69e000 	C:\WINDOWS\SYSTEM32\USERENV.dll
0x00007fff5dac0000 - 0x00007fff5db40000 	C:\WINDOWS\System32\bcryptprimitives.dll
0x00007fff5d0c0000 - 0x00007fff5d0cc000 	C:\WINDOWS\SYSTEM32\CRYPTBASE.dll
0x00007fff5cbc0000 - 0x00007fff5cbfb000 	C:\WINDOWS\SYSTEM32\IPHLPAPI.DLL
0x00007fff5e930000 - 0x00007fff5e938000 	C:\WINDOWS\System32\NSI.dll
0x00007fff52fc0000 - 0x00007fff52fd7000 	C:\WINDOWS\SYSTEM32\dhcpcsvc6.DLL
0x00007fff52f60000 - 0x00007fff52f7d000 	C:\WINDOWS\SYSTEM32\dhcpcsvc.DLL
0x00007fff5cc10000 - 0x00007fff5ccdb000 	C:\WINDOWS\SYSTEM32\DNSAPI.dll
0x00007fff548c0000 - 0x00007fff548cb000 	C:\WINDOWS\SYSTEM32\WINNSI.DLL
0x00007fff48df0000 - 0x00007fff48e14000 	C:\Program Files\OpenJDK\openjdk-8u282-b08\jre\bin\sunec.dll
0x00007fff50ea0000 - 0x00007fff50eaa000 	C:\Windows\System32\rasadhlp.dll
0x00007fff4b7a0000 - 0x00007fff4b81f000 	C:\WINDOWS\System32\fwpuclnt.dll
0x00007fff4bd40000 - 0x00007fff4bd4c000 	C:\Program Files\OpenJDK\openjdk-8u282-b08\jre\bin\sunmscapi.dll
0x00007fff5df70000 - 0x00007fff5e0cf000 	C:\WINDOWS\System32\CRYPT32.dll
0x00007fff5d220000 - 0x00007fff5d247000 	C:\WINDOWS\SYSTEM32\ncrypt.dll
0x00007fff5d1e0000 - 0x00007fff5d21b000 	C:\WINDOWS\SYSTEM32\NTASN1.dll
0x00007fff5c500000 - 0x00007fff5c533000 	C:\WINDOWS\SYSTEM32\ntmarta.dll

VM Arguments:
jvm_args: -XX:MaxMetaspaceSize=256m -XX:+HeapDumpOnOutOfMemoryError -Xms256m -Xmx512m -Dfile.encoding=windows-1252 -Duser.country=US -Duser.language=en -Duser.variant 
java_command: org.gradle.launcher.daemon.bootstrap.GradleDaemon 6.7
java_class_path (initial): C:\Users\miche\.gradle\wrapper\dists\gradle-6.7-all\cuy9mc7upwgwgeb72wkcrupxe\gradle-6.7\lib\gradle-launcher-6.7.jar
Launcher Type: SUN_STANDARD

Environment Variables:
JAVA_HOME=C:\Program Files\OpenJDK\openjdk-8u282-b08
CLASSPATH=C:\Users\miche\Desktop\kar\android\\gradle\wrapper\gradle-wrapper.jar
PATH=C:\Users\miche\Desktop\kar\android\node_modules\.bin;C:\Users\miche\Desktop\kar\node_modules\.bin;C:\Users\miche\Desktop\node_modules\.bin;C:\Users\miche\node_modules\.bin;C:\Users\node_modules\.bin;C:\node_modules\.bin;C:\Program Files\nodejs;C:\Users\miche\Desktop\kar\node_modules\.bin;C:\Users\miche\Desktop\node_modules\.bin;C:\Users\miche\node_modules\.bin;C:\Users\node_modules\.bin;C:\node_modules\.bin;C:\Users\miche\AppData\Roaming\npm\node_modules\npm\node_modules\@npmcli\run-script\lib\node-gyp-bin;C:\Python39\Scripts\;C:\Python39\;C:\WINDOWS\system32;C:\WINDOWS;C:\WINDOWS\System32\Wbem;C:\WINDOWS\System32\WindowsPowerShell\v1.0\;C:\WINDOWS\System32\OpenSSH\;C:\Program Files (x86)\PuTTY\;C:\ProgramData\chocolatey\bin;C:\Program Files\Git\cmd;C:\Program Files\Git\bin;C:\Program Files\nodejs\;C:\Program Files\OpenJDK\openjdk-8u282-b08\bin;C:\Users\miche\AppData\Local\Microsoft\WindowsApps;C:\Users\miche\AppData\Local\Programs\Microsoft VS Code\bin;C:\Users\miche\AppData\Roaming\npm;C:\Users\miche\AppData\Local\Android\Sdk\platform-tools;C:\Program Files\nodejs;;C:\Users\miche\Desktop\kar\node_modules\.bin
USERNAME=miche
OS=Windows_NT
PROCESSOR_IDENTIFIER=Intel64 Family 6 Model 142 Stepping 10, GenuineIntel



---------------  S Y S T E M  ---------------

OS: Windows 10.0 , 64 bit Build 19041 (10.0.19041.804)

CPU:total 8 (initial active 8) (4 cores per cpu, 2 threads per core) family 6 model 142 stepping 10, cmov, cx8, fxsr, mmx, sse, sse2, sse3, ssse3, sse4.1, sse4.2, popcnt, avx, avx2, aes, clmul, erms, 3dnowpref, lzcnt, ht, tsc, tscinvbit, bmi1, bmi2, adx

Memory: 4k page, physical 8303604k(241488k free), swap 23807972k(576k free)

vm_info: OpenJDK 64-Bit Server VM (25.282-b08) for windows-amd64 JRE (1.8.0_282-b08), built on Jan 11 2021 12:17:07 by "build" with MS VC++ 10.0 (VS2010)

time: Sun Apr 11 20:36:04 2021
timezone: Pacific Daylight Time
elapsed time: 8159.072292 seconds (0d 2h 15m 59s)

